Change Component Footprint: Designator=C8 Old Footprint=CPOL-6.3X11-2.5-RA New Footprint=C0805
Change Component Comment : Designator=C8 Old Comment=100uF New Comment=10uF
Change component parameters: Designator = "C8" ("C8"); Footprint = "CPOL-6.3X11-2.5-RA"; UniqueID = "\JWRVNKYQ" ("\JWRVNKYQ")
Change component parameters (AddParameter): Name = "Manufacturer"; Value = ""; VariantName = "[No Variations]"
Change component parameters (AddParameter): Name = "Material Name"; Value = "????0805 10UF/25V 10%"; VariantName = "[No Variations]"
Change component parameters (AddParameter): Name = "Part No"; Value = "WP0005368"; VariantName = "[No Variations]"
Change component parameters (AddParameter): Name = "Product Code"; Value = "WP0005368"; VariantName = "[No Variations]"
Change component parameters (AddParameter): Name = "Supplier"; Value = "???????????"; VariantName = "[No Variations]"
Added Component: Designator=C44(C0805)
Add component (AddParameter): Name = "Manufacturer"; Value = ""; VariantName = "[No Variations]"
Add component (AddParameter): Name = "Material Name"; Value = "????0805 10UF/25V 10%"; VariantName = "[No Variations]"
Add component (AddParameter): Name = "Part No"; Value = "WP0005368"; VariantName = "[No Variations]"
Add component (AddParameter): Name = "Product Code"; Value = "WP0005368"; VariantName = "[No Variations]"
Add component (AddParameter): Name = "Supplier"; Value = "???????????"; VariantName = "[No Variations]"
Added Component: Designator=C61(C0805)
Add component (AddParameter): Name = "Manufacturer"; Value = ""; VariantName = "[No Variations]"
Add component (AddParameter): Name = "Material Name"; Value = "????0805 10UF/25V 10%"; VariantName = "[No Variations]"
Add component (AddParameter): Name = "Part No"; Value = "WP0005368"; VariantName = "[No Variations]"
Add component (AddParameter): Name = "Product Code"; Value = "WP0005368"; VariantName = "[No Variations]"
Add component (AddParameter): Name = "Supplier"; Value = "???????????"; VariantName = "[No Variations]"
Added Pin To Net: NetName=GND Pin=C44-1
Added Pin To Net: NetName=VBATO Pin=C44-2
Added Pin To Net: NetName=GND Pin=C61-1
Added Pin To Net: NetName=VBATO Pin=C61-2
Added Pin To Net: NetName=GND Pin=Q4-1
Added Member To Class: ClassName=iF11M Member=Component C44 10uF
Added Member To Class: ClassName=iF11M Member=Component C61 10uF
