Removed Pin From Net: NetName=ANT Pin=ANT1-1
Removed Pin From Net: NetName=GND Pin=C9-2
Removed Member From Class: ClassName=50Ohm Member=ANT
Added Component: Designator=ANT2(IPX Coaxial)
Added Component: Designator=R33(R0603-Opt)
Add component (AddParameter): Name = "Manufacturer"; Value = "??"; VariantName = "[No Variations]"
Add component (AddParameter): Name = "Material Name"; Value = "????0603 0O 5%"; VariantName = "[No Variations]"
Add component (AddParameter): Name = "Part No"; Value = "W-T-RE-RS03K0RJT"; VariantName = "[No Variations]"
Add component (AddParameter): Name = "Product Code"; Value = "WP0002766"; VariantName = "[No Variations]"
Add component (AddParameter): Name = "Supplier"; Value = "???????????"; VariantName = "[No Variations]"
Added Pin To Net: NetName=GND Pin=ANT2-1
Added Pin To Net: NetName=GND Pin=ANT2-3
Added Pin To Net: NetName=GND Pin=Q4-1
Added Pin To Net: NetName=ANT Pin=R33-2
Added Pin To Net: NetName=NetANT1_1 Pin=ANT1-1
Added Pin To Net: NetName=NetANT1_1 Pin=R33-1
Added Net: Name=NetANT1_1
Added Pin To Net: NetName=NetANT2_2 Pin=ANT2-2
Added Pin To Net: NetName=NetANT2_2 Pin=R33-3
Added Net: Name=NetANT2_2
Added Member To Class: ClassName=U_microcontroller Member=Component ANT2 IPX Coaxial
Added Member To Class: ClassName=U_microcontroller Member=Component R33 0R
Added Member To Class: ClassName=50Ohm Member=Wire NetANT1_1
Added Member To Class: ClassName=50Ohm Member=Wire NetANT2_2
