Removed Pin From Net: NetName=GND Pin=J5-0
Removed Pin From Net: NetName=GND Pin=J5-0
Removed Pin From Net: NetName=GND Pin=J5-1
Removed Pin From Net: NetName=TFT_RS Pin=J5-2
Removed Pin From Net: NetName=TFT_CS Pin=J5-3
Removed Pin From Net: NetName=TFT_SCK Pin=J5-4
Removed Pin From Net: NetName=TFT_SDI Pin=J5-5
Removed Pin From Net: NetName=EN/RST Pin=J5-6
Removed Pin From Net: NetName=TFT3V3 Pin=J5-7
Removed Pin From Net: NetName=GND Pin=J5-8
Removed Pin From Net: NetName=BL Pin=J5-9
Removed Pin From Net: NetName=GND Pin=J5-10
Removed Member From Class: ClassName=U_microcontroller Member=J5
Added Component: Designator=*(2.8" TFT-10P)
Added Pin To Net: NetName=GND Pin=*-1
Added Pin To Net: NetName=TFT_RS Pin=*-2
Added Pin To Net: NetName=TFT_CS Pin=*-3
Added Pin To Net: NetName=TFT_SCK Pin=*-4
Added Pin To Net: NetName=TFT_SDI Pin=*-5
Added Pin To Net: NetName=EN/RST Pin=*-6
Added Pin To Net: NetName=TFT3V3 Pin=*-7
Added Pin To Net: NetName=GND Pin=*-8
Added Pin To Net: NetName=BL Pin=*-9
Added Pin To Net: NetName=GND Pin=*-10
Added Pin To Net: NetName=NetQ4_1 Pin=Q4-1
Added Member To Class: ClassName=U_microcontroller Member=Component * TFTLCD2.8INCH_1
