Removed Pin From Net: NetName=GND Pin=J?-0
Removed Pin From Net: NetName=GND Pin=J?-0
Removed Pin From Net: NetName=GND Pin=J?-1
Removed Pin From Net: NetName=GND Pin=J?-2
Removed Pin From Net: NetName=GND Pin=J?-3
Removed Pin From Net: NetName=GND Pin=J?-4
Removed Pin From Net: NetName=VBUS Pin=J?-6
Removed Pin From Net: NetName=VBUS Pin=J?-7
Removed Pin From Net: NetName=VBUS Pin=J?-8
Removed Pin From Net: NetName=VBUS Pin=J?-9
Removed Pin From Net: NetName=EN/RST Pin=J?-10
Removed Pin From Net: NetName=PWEN Pin=J?-11
Removed Pin From Net: NetName=BAT Pin=J?-12
Removed Pin From Net: NetName=FCH Pin=J?-13
Removed Pin From Net: NetName=CH Pin=J?-14
Removed Member From Class: ClassName=iF11M Member=J?
Added Component: Designator=J2(FPC14P-1.2mm-THT)
Added Pin To Net: NetName=GND Pin=J2-1
Added Pin To Net: NetName=GND Pin=J2-2
Added Pin To Net: NetName=GND Pin=J2-3
Added Pin To Net: NetName=GND Pin=J2-4
Added Pin To Net: NetName=VBUS Pin=J2-6
Added Pin To Net: NetName=VBUS Pin=J2-7
Added Pin To Net: NetName=VBUS Pin=J2-8
Added Pin To Net: NetName=VBUS Pin=J2-9
Added Pin To Net: NetName=EN/RST Pin=J2-10
Added Pin To Net: NetName=PWEN Pin=J2-11
Added Pin To Net: NetName=BAT Pin=J2-12
Added Pin To Net: NetName=FCH Pin=J2-13
Added Pin To Net: NetName=CH Pin=J2-14
Added Pin To Net: NetName=NetQ4_1 Pin=Q4-1
Added Member To Class: ClassName=iF11M Member=Component J2 FFC Cable 14 Pin
