Removed Pin From Net: NetName=NetLD1_1 Pin=LD2-1
Removed Pin From Net: NetName=NetLD1_1 Pin=LD3-1
Removed Pin From Net: NetName=NetLD1_1 Pin=LD4-1
Removed Pin From Net: NetName=NetLD1_1 Pin=LD5-1
Removed Pin From Net: NetName=NetLD1_1 Pin=LD6-1
Removed Pin From Net: NetName=NetLD1_1 Pin=LD7-1
Removed Pin From Net: NetName=NetLD8_1 Pin=LD9-1
Removed Pin From Net: NetName=NetLD8_1 Pin=LD10-1
Removed Pin From Net: NetName=NetLD8_1 Pin=LD11-1
Removed Pin From Net: NetName=NetLD8_1 Pin=LD12-1
Removed Pin From Net: NetName=NetLD8_1 Pin=LD13-1
Removed Pin From Net: NetName=NetLD8_1 Pin=LD14-1
Removed Pin From Net: NetName=NetLD15_1 Pin=LD16-1
Removed Pin From Net: NetName=NetLD15_1 Pin=LD17-1
Removed Pin From Net: NetName=NetLD15_1 Pin=LD18-1
Removed Pin From Net: NetName=NetLD15_1 Pin=LD19-1
Removed Pin From Net: NetName=NetLD15_1 Pin=LD20-1
Removed Pin From Net: NetName=NetLD15_1 Pin=LD21-1
Removed Pin From Net: NetName=NetLD22_1 Pin=LD23-1
Removed Pin From Net: NetName=NetLD22_1 Pin=LD24-1
Removed Pin From Net: NetName=NetLD22_1 Pin=LD25-1
Removed Pin From Net: NetName=NetLD22_1 Pin=LD26-1
Removed Pin From Net: NetName=NetLD22_1 Pin=LD27-1
Removed Pin From Net: NetName=NetLD22_1 Pin=LD28-1
Removed Pin From Net: NetName=VCC Pin=R1-1
Removed Pin From Net: NetName=NetLD1_1 Pin=R1-2
Removed Pin From Net: NetName=VCC Pin=R2-1
Removed Pin From Net: NetName=NetLD8_1 Pin=R2-2
Removed Pin From Net: NetName=VCC Pin=R3-1
Removed Pin From Net: NetName=NetLD15_1 Pin=R3-2
Removed Pin From Net: NetName=VCC Pin=R4-1
Removed Pin From Net: NetName=NetLD22_1 Pin=R4-2
Change Component Footprint: Designator=R1 Old Footprint=R1206-LD New Footprint=R0603-LD
Change Component Footprint: Designator=R2 Old Footprint=R1206-LD New Footprint=R0603-LD
Change Component Footprint: Designator=R3 Old Footprint=R1206-LD New Footprint=R0603-LD
Change Component Footprint: Designator=R4 Old Footprint=R1206-LD New Footprint=R0603-LD
Change Component Comment : Designator=R1 Old Comment=51R New Comment=27R
Change Component Comment : Designator=R2 Old Comment=51R New Comment=27R
Change Component Comment : Designator=R3 Old Comment=51R New Comment=27R
Change Component Comment : Designator=R4 Old Comment=51R New Comment=27R
Change component parameters: Designator = "R1" ("R1"); Footprint = "R1206-LD"; UniqueID = "\MDMBTFGX" ("\MDMBTFGX")
Change component parameters (AddParameter): Name = "Manufacturer"; Value = "LAGEO"; VariantName = "[No Variations]"
Change component parameters (AddParameter): Name = "Material Name"; Value = "????0603 27O 5%"; VariantName = "[No Variations]"
Change component parameters (AddParameter): Name = "Part No"; Value = "W-T-RE-RS03K270JT"; VariantName = "[No Variations]"
Change component parameters (AddParameter): Name = "Product Code"; Value = "WP0002702"; VariantName = "[No Variations]"
Change component parameters (AddParameter): Name = "Supplier"; Value = "???????????"; VariantName = "[No Variations]"
Change component parameters: Designator = "R2" ("R2"); Footprint = "R1206-LD"; UniqueID = "\HQKTNGPV" ("\HQKTNGPV")
Change component parameters (AddParameter): Name = "Manufacturer"; Value = "LAGEO"; VariantName = "[No Variations]"
Change component parameters (AddParameter): Name = "Material Name"; Value = "????0603 27O 5%"; VariantName = "[No Variations]"
Change component parameters (AddParameter): Name = "Part No"; Value = "W-T-RE-RS03K270JT"; VariantName = "[No Variations]"
Change component parameters (AddParameter): Name = "Product Code"; Value = "WP0002702"; VariantName = "[No Variations]"
Change component parameters (AddParameter): Name = "Supplier"; Value = "???????????"; VariantName = "[No Variations]"
Change component parameters: Designator = "R3" ("R3"); Footprint = "R1206-LD"; UniqueID = "\HGNAJEXL" ("\HGNAJEXL")
Change component parameters (AddParameter): Name = "Manufacturer"; Value = "LAGEO"; VariantName = "[No Variations]"
Change component parameters (AddParameter): Name = "Material Name"; Value = "????0603 27O 5%"; VariantName = "[No Variations]"
Change component parameters (AddParameter): Name = "Part No"; Value = "W-T-RE-RS03K270JT"; VariantName = "[No Variations]"
Change component parameters (AddParameter): Name = "Product Code"; Value = "WP0002702"; VariantName = "[No Variations]"
Change component parameters (AddParameter): Name = "Supplier"; Value = "???????????"; VariantName = "[No Variations]"
Change component parameters: Designator = "R4" ("R4"); Footprint = "R1206-LD"; UniqueID = "\KSWBQNDN" ("\KSWBQNDN")
Change component parameters (AddParameter): Name = "Manufacturer"; Value = "LAGEO"; VariantName = "[No Variations]"
Change component parameters (AddParameter): Name = "Material Name"; Value = "????0603 27O 5%"; VariantName = "[No Variations]"
Change component parameters (AddParameter): Name = "Part No"; Value = "W-T-RE-RS03K270JT"; VariantName = "[No Variations]"
Change component parameters (AddParameter): Name = "Product Code"; Value = "WP0002702"; VariantName = "[No Variations]"
Change component parameters (AddParameter): Name = "Supplier"; Value = "???????????"; VariantName = "[No Variations]"
Added Component: Designator=R5(R0603-LD)
Add component (AddParameter): Name = "Manufacturer"; Value = "LAGEO"; VariantName = "[No Variations]"
Add component (AddParameter): Name = "Material Name"; Value = "????0603 27O 5%"; VariantName = "[No Variations]"
Add component (AddParameter): Name = "Part No"; Value = "W-T-RE-RS03K270JT"; VariantName = "[No Variations]"
Add component (AddParameter): Name = "Product Code"; Value = "WP0002702"; VariantName = "[No Variations]"
Add component (AddParameter): Name = "Supplier"; Value = "???????????"; VariantName = "[No Variations]"
Added Component: Designator=R6(R0603-LD)
Add component (AddParameter): Name = "Manufacturer"; Value = "LAGEO"; VariantName = "[No Variations]"
Add component (AddParameter): Name = "Material Name"; Value = "????0603 27O 5%"; VariantName = "[No Variations]"
Add component (AddParameter): Name = "Part No"; Value = "W-T-RE-RS03K270JT"; VariantName = "[No Variations]"
Add component (AddParameter): Name = "Product Code"; Value = "WP0002702"; VariantName = "[No Variations]"
Add component (AddParameter): Name = "Supplier"; Value = "???????????"; VariantName = "[No Variations]"
Added Component: Designator=R7(R0603-LD)
Add component (AddParameter): Name = "Manufacturer"; Value = "LAGEO"; VariantName = "[No Variations]"
Add component (AddParameter): Name = "Material Name"; Value = "????0603 27O 5%"; VariantName = "[No Variations]"
Add component (AddParameter): Name = "Part No"; Value = "W-T-RE-RS03K270JT"; VariantName = "[No Variations]"
Add component (AddParameter): Name = "Product Code"; Value = "WP0002702"; VariantName = "[No Variations]"
Add component (AddParameter): Name = "Supplier"; Value = "???????????"; VariantName = "[No Variations]"
Added Component: Designator=R8(R0603-LD)
Add component (AddParameter): Name = "Manufacturer"; Value = "LAGEO"; VariantName = "[No Variations]"
Add component (AddParameter): Name = "Material Name"; Value = "????0603 27O 5%"; VariantName = "[No Variations]"
Add component (AddParameter): Name = "Part No"; Value = "W-T-RE-RS03K270JT"; VariantName = "[No Variations]"
Add component (AddParameter): Name = "Product Code"; Value = "WP0002702"; VariantName = "[No Variations]"
Add component (AddParameter): Name = "Supplier"; Value = "???????????"; VariantName = "[No Variations]"
Added Component: Designator=R9(R0603-LD)
Add component (AddParameter): Name = "Manufacturer"; Value = "LAGEO"; VariantName = "[No Variations]"
Add component (AddParameter): Name = "Material Name"; Value = "????0603 27O 5%"; VariantName = "[No Variations]"
Add component (AddParameter): Name = "Part No"; Value = "W-T-RE-RS03K270JT"; VariantName = "[No Variations]"
Add component (AddParameter): Name = "Product Code"; Value = "WP0002702"; VariantName = "[No Variations]"
Add component (AddParameter): Name = "Supplier"; Value = "???????????"; VariantName = "[No Variations]"
Added Component: Designator=R10(R0603-LD)
Add component (AddParameter): Name = "Manufacturer"; Value = "LAGEO"; VariantName = "[No Variations]"
Add component (AddParameter): Name = "Material Name"; Value = "????0603 27O 5%"; VariantName = "[No Variations]"
Add component (AddParameter): Name = "Part No"; Value = "W-T-RE-RS03K270JT"; VariantName = "[No Variations]"
Add component (AddParameter): Name = "Product Code"; Value = "WP0002702"; VariantName = "[No Variations]"
Add component (AddParameter): Name = "Supplier"; Value = "???????????"; VariantName = "[No Variations]"
Added Component: Designator=R11(R0603-LD)
Add component (AddParameter): Name = "Manufacturer"; Value = "LAGEO"; VariantName = "[No Variations]"
Add component (AddParameter): Name = "Material Name"; Value = "????0603 27O 5%"; VariantName = "[No Variations]"
Add component (AddParameter): Name = "Part No"; Value = "W-T-RE-RS03K270JT"; VariantName = "[No Variations]"
Add component (AddParameter): Name = "Product Code"; Value = "WP0002702"; VariantName = "[No Variations]"
Add component (AddParameter): Name = "Supplier"; Value = "???????????"; VariantName = "[No Variations]"
Added Component: Designator=R12(R0603-LD)
Add component (AddParameter): Name = "Manufacturer"; Value = "LAGEO"; VariantName = "[No Variations]"
Add component (AddParameter): Name = "Material Name"; Value = "????0603 27O 5%"; VariantName = "[No Variations]"
Add component (AddParameter): Name = "Part No"; Value = "W-T-RE-RS03K270JT"; VariantName = "[No Variations]"
Add component (AddParameter): Name = "Product Code"; Value = "WP0002702"; VariantName = "[No Variations]"
Add component (AddParameter): Name = "Supplier"; Value = "???????????"; VariantName = "[No Variations]"
Added Component: Designator=R13(R0603-LD)
Add component (AddParameter): Name = "Manufacturer"; Value = "LAGEO"; VariantName = "[No Variations]"
Add component (AddParameter): Name = "Material Name"; Value = "????0603 27O 5%"; VariantName = "[No Variations]"
Add component (AddParameter): Name = "Part No"; Value = "W-T-RE-RS03K270JT"; VariantName = "[No Variations]"
Add component (AddParameter): Name = "Product Code"; Value = "WP0002702"; VariantName = "[No Variations]"
Add component (AddParameter): Name = "Supplier"; Value = "???????????"; VariantName = "[No Variations]"
Added Component: Designator=R14(R0603-LD)
Add component (AddParameter): Name = "Manufacturer"; Value = "LAGEO"; VariantName = "[No Variations]"
Add component (AddParameter): Name = "Material Name"; Value = "????0603 27O 5%"; VariantName = "[No Variations]"
Add component (AddParameter): Name = "Part No"; Value = "W-T-RE-RS03K270JT"; VariantName = "[No Variations]"
Add component (AddParameter): Name = "Product Code"; Value = "WP0002702"; VariantName = "[No Variations]"
Add component (AddParameter): Name = "Supplier"; Value = "???????????"; VariantName = "[No Variations]"
Added Component: Designator=R15(R0603-LD)
Add component (AddParameter): Name = "Manufacturer"; Value = "LAGEO"; VariantName = "[No Variations]"
Add component (AddParameter): Name = "Material Name"; Value = "????0603 27O 5%"; VariantName = "[No Variations]"
Add component (AddParameter): Name = "Part No"; Value = "W-T-RE-RS03K270JT"; VariantName = "[No Variations]"
Add component (AddParameter): Name = "Product Code"; Value = "WP0002702"; VariantName = "[No Variations]"
Add component (AddParameter): Name = "Supplier"; Value = "???????????"; VariantName = "[No Variations]"
Added Component: Designator=R16(R0603-LD)
Add component (AddParameter): Name = "Manufacturer"; Value = "LAGEO"; VariantName = "[No Variations]"
Add component (AddParameter): Name = "Material Name"; Value = "????0603 27O 5%"; VariantName = "[No Variations]"
Add component (AddParameter): Name = "Part No"; Value = "W-T-RE-RS03K270JT"; VariantName = "[No Variations]"
Add component (AddParameter): Name = "Product Code"; Value = "WP0002702"; VariantName = "[No Variations]"
Add component (AddParameter): Name = "Supplier"; Value = "???????????"; VariantName = "[No Variations]"
Added Component: Designator=R17(R0603-LD)
Add component (AddParameter): Name = "Manufacturer"; Value = "LAGEO"; VariantName = "[No Variations]"
Add component (AddParameter): Name = "Material Name"; Value = "????0603 27O 5%"; VariantName = "[No Variations]"
Add component (AddParameter): Name = "Part No"; Value = "W-T-RE-RS03K270JT"; VariantName = "[No Variations]"
Add component (AddParameter): Name = "Product Code"; Value = "WP0002702"; VariantName = "[No Variations]"
Add component (AddParameter): Name = "Supplier"; Value = "???????????"; VariantName = "[No Variations]"
Added Component: Designator=R18(R0603-LD)
Add component (AddParameter): Name = "Manufacturer"; Value = "LAGEO"; VariantName = "[No Variations]"
Add component (AddParameter): Name = "Material Name"; Value = "????0603 27O 5%"; VariantName = "[No Variations]"
Add component (AddParameter): Name = "Part No"; Value = "W-T-RE-RS03K270JT"; VariantName = "[No Variations]"
Add component (AddParameter): Name = "Product Code"; Value = "WP0002702"; VariantName = "[No Variations]"
Add component (AddParameter): Name = "Supplier"; Value = "???????????"; VariantName = "[No Variations]"
Added Component: Designator=R19(R0603-LD)
Add component (AddParameter): Name = "Manufacturer"; Value = "LAGEO"; VariantName = "[No Variations]"
Add component (AddParameter): Name = "Material Name"; Value = "????0603 27O 5%"; VariantName = "[No Variations]"
Add component (AddParameter): Name = "Part No"; Value = "W-T-RE-RS03K270JT"; VariantName = "[No Variations]"
Add component (AddParameter): Name = "Product Code"; Value = "WP0002702"; VariantName = "[No Variations]"
Add component (AddParameter): Name = "Supplier"; Value = "???????????"; VariantName = "[No Variations]"
Added Component: Designator=R20(R0603-LD)
Add component (AddParameter): Name = "Manufacturer"; Value = "LAGEO"; VariantName = "[No Variations]"
Add component (AddParameter): Name = "Material Name"; Value = "????0603 27O 5%"; VariantName = "[No Variations]"
Add component (AddParameter): Name = "Part No"; Value = "W-T-RE-RS03K270JT"; VariantName = "[No Variations]"
Add component (AddParameter): Name = "Product Code"; Value = "WP0002702"; VariantName = "[No Variations]"
Add component (AddParameter): Name = "Supplier"; Value = "???????????"; VariantName = "[No Variations]"
Added Component: Designator=R21(R0603-LD)
Add component (AddParameter): Name = "Manufacturer"; Value = "LAGEO"; VariantName = "[No Variations]"
Add component (AddParameter): Name = "Material Name"; Value = "????0603 27O 5%"; VariantName = "[No Variations]"
Add component (AddParameter): Name = "Part No"; Value = "W-T-RE-RS03K270JT"; VariantName = "[No Variations]"
Add component (AddParameter): Name = "Product Code"; Value = "WP0002702"; VariantName = "[No Variations]"
Add component (AddParameter): Name = "Supplier"; Value = "???????????"; VariantName = "[No Variations]"
Added Component: Designator=R22(R0603-LD)
Add component (AddParameter): Name = "Manufacturer"; Value = "LAGEO"; VariantName = "[No Variations]"
Add component (AddParameter): Name = "Material Name"; Value = "????0603 27O 5%"; VariantName = "[No Variations]"
Add component (AddParameter): Name = "Part No"; Value = "W-T-RE-RS03K270JT"; VariantName = "[No Variations]"
Add component (AddParameter): Name = "Product Code"; Value = "WP0002702"; VariantName = "[No Variations]"
Add component (AddParameter): Name = "Supplier"; Value = "???????????"; VariantName = "[No Variations]"
Added Component: Designator=R23(R0603-LD)
Add component (AddParameter): Name = "Manufacturer"; Value = "LAGEO"; VariantName = "[No Variations]"
Add component (AddParameter): Name = "Material Name"; Value = "????0603 27O 5%"; VariantName = "[No Variations]"
Add component (AddParameter): Name = "Part No"; Value = "W-T-RE-RS03K270JT"; VariantName = "[No Variations]"
Add component (AddParameter): Name = "Product Code"; Value = "WP0002702"; VariantName = "[No Variations]"
Add component (AddParameter): Name = "Supplier"; Value = "???????????"; VariantName = "[No Variations]"
Added Component: Designator=R24(R0603-LD)
Add component (AddParameter): Name = "Manufacturer"; Value = "LAGEO"; VariantName = "[No Variations]"
Add component (AddParameter): Name = "Material Name"; Value = "????0603 27O 5%"; VariantName = "[No Variations]"
Add component (AddParameter): Name = "Part No"; Value = "W-T-RE-RS03K270JT"; VariantName = "[No Variations]"
Add component (AddParameter): Name = "Product Code"; Value = "WP0002702"; VariantName = "[No Variations]"
Add component (AddParameter): Name = "Supplier"; Value = "???????????"; VariantName = "[No Variations]"
Added Component: Designator=R25(R0603-LD)
Add component (AddParameter): Name = "Manufacturer"; Value = "LAGEO"; VariantName = "[No Variations]"
Add component (AddParameter): Name = "Material Name"; Value = "????0603 27O 5%"; VariantName = "[No Variations]"
Add component (AddParameter): Name = "Part No"; Value = "W-T-RE-RS03K270JT"; VariantName = "[No Variations]"
Add component (AddParameter): Name = "Product Code"; Value = "WP0002702"; VariantName = "[No Variations]"
Add component (AddParameter): Name = "Supplier"; Value = "???????????"; VariantName = "[No Variations]"
Added Component: Designator=R26(R0603-LD)
Add component (AddParameter): Name = "Manufacturer"; Value = "LAGEO"; VariantName = "[No Variations]"
Add component (AddParameter): Name = "Material Name"; Value = "????0603 27O 5%"; VariantName = "[No Variations]"
Add component (AddParameter): Name = "Part No"; Value = "W-T-RE-RS03K270JT"; VariantName = "[No Variations]"
Add component (AddParameter): Name = "Product Code"; Value = "WP0002702"; VariantName = "[No Variations]"
Add component (AddParameter): Name = "Supplier"; Value = "???????????"; VariantName = "[No Variations]"
Added Component: Designator=R27(R0603-LD)
Add component (AddParameter): Name = "Manufacturer"; Value = "LAGEO"; VariantName = "[No Variations]"
Add component (AddParameter): Name = "Material Name"; Value = "????0603 27O 5%"; VariantName = "[No Variations]"
Add component (AddParameter): Name = "Part No"; Value = "W-T-RE-RS03K270JT"; VariantName = "[No Variations]"
Add component (AddParameter): Name = "Product Code"; Value = "WP0002702"; VariantName = "[No Variations]"
Add component (AddParameter): Name = "Supplier"; Value = "???????????"; VariantName = "[No Variations]"
Added Component: Designator=R28(R0603-LD)
Add component (AddParameter): Name = "Manufacturer"; Value = "LAGEO"; VariantName = "[No Variations]"
Add component (AddParameter): Name = "Material Name"; Value = "????0603 27O 5%"; VariantName = "[No Variations]"
Add component (AddParameter): Name = "Part No"; Value = "W-T-RE-RS03K270JT"; VariantName = "[No Variations]"
Add component (AddParameter): Name = "Product Code"; Value = "WP0002702"; VariantName = "[No Variations]"
Add component (AddParameter): Name = "Supplier"; Value = "???????????"; VariantName = "[No Variations]"
Added Pin To Net: NetName=NetLD1_1 Pin=R1-1
Added Pin To Net: NetName=VCC Pin=R1-2
Added Pin To Net: NetName=VCC Pin=R2-2
Added Pin To Net: NetName=VCC Pin=R3-2
Added Pin To Net: NetName=VCC Pin=R4-2
Added Pin To Net: NetName=VCC Pin=R5-2
Added Pin To Net: NetName=VCC Pin=R6-2
Added Pin To Net: NetName=VCC Pin=R7-2
Added Pin To Net: NetName=NetLD8_1 Pin=R8-1
Added Pin To Net: NetName=VCC Pin=R8-2
Added Pin To Net: NetName=VCC Pin=R9-2
Added Pin To Net: NetName=VCC Pin=R10-2
Added Pin To Net: NetName=VCC Pin=R11-2
Added Pin To Net: NetName=VCC Pin=R12-2
Added Pin To Net: NetName=VCC Pin=R13-2
Added Pin To Net: NetName=VCC Pin=R14-2
Added Pin To Net: NetName=NetLD15_1 Pin=R15-1
Added Pin To Net: NetName=VCC Pin=R15-2
Added Pin To Net: NetName=VCC Pin=R16-2
Added Pin To Net: NetName=VCC Pin=R17-2
Added Pin To Net: NetName=VCC Pin=R18-2
Added Pin To Net: NetName=VCC Pin=R19-2
Added Pin To Net: NetName=VCC Pin=R20-2
Added Pin To Net: NetName=VCC Pin=R21-2
Added Pin To Net: NetName=NetLD22_1 Pin=R22-1
Added Pin To Net: NetName=VCC Pin=R22-2
Added Pin To Net: NetName=VCC Pin=R23-2
Added Pin To Net: NetName=VCC Pin=R24-2
Added Pin To Net: NetName=VCC Pin=R25-2
Added Pin To Net: NetName=VCC Pin=R26-2
Added Pin To Net: NetName=VCC Pin=R27-2
Added Pin To Net: NetName=VCC Pin=R28-2
Added Pin To Net: NetName=NetLD2_1 Pin=LD2-1
Added Pin To Net: NetName=NetLD2_1 Pin=R2-1
Added Net: Name=NetLD2_1
Added Pin To Net: NetName=NetLD3_1 Pin=LD3-1
Added Pin To Net: NetName=NetLD3_1 Pin=R3-1
Added Net: Name=NetLD3_1
Added Pin To Net: NetName=NetLD4_1 Pin=LD4-1
Added Pin To Net: NetName=NetLD4_1 Pin=R4-1
Added Net: Name=NetLD4_1
Added Pin To Net: NetName=NetLD5_1 Pin=LD5-1
Added Pin To Net: NetName=NetLD5_1 Pin=R5-1
Added Net: Name=NetLD5_1
Added Pin To Net: NetName=NetLD6_1 Pin=LD6-1
Added Pin To Net: NetName=NetLD6_1 Pin=R6-1
Added Net: Name=NetLD6_1
Added Pin To Net: NetName=NetLD7_1 Pin=LD7-1
Added Pin To Net: NetName=NetLD7_1 Pin=R7-1
Added Net: Name=NetLD7_1
Added Pin To Net: NetName=NetLD9_1 Pin=LD9-1
Added Pin To Net: NetName=NetLD9_1 Pin=R9-1
Added Net: Name=NetLD9_1
Added Pin To Net: NetName=NetLD10_1 Pin=LD10-1
Added Pin To Net: NetName=NetLD10_1 Pin=R10-1
Added Net: Name=NetLD10_1
Added Pin To Net: NetName=NetLD11_1 Pin=LD11-1
Added Pin To Net: NetName=NetLD11_1 Pin=R11-1
Added Net: Name=NetLD11_1
Added Pin To Net: NetName=NetLD12_1 Pin=LD12-1
Added Pin To Net: NetName=NetLD12_1 Pin=R12-1
Added Net: Name=NetLD12_1
Added Pin To Net: NetName=NetLD13_1 Pin=LD13-1
Added Pin To Net: NetName=NetLD13_1 Pin=R13-1
Added Net: Name=NetLD13_1
Added Pin To Net: NetName=NetLD14_1 Pin=LD14-1
Added Pin To Net: NetName=NetLD14_1 Pin=R14-1
Added Net: Name=NetLD14_1
Added Pin To Net: NetName=NetLD16_1 Pin=LD16-1
Added Pin To Net: NetName=NetLD16_1 Pin=R16-1
Added Net: Name=NetLD16_1
Added Pin To Net: NetName=NetLD17_1 Pin=LD17-1
Added Pin To Net: NetName=NetLD17_1 Pin=R17-1
Added Net: Name=NetLD17_1
Added Pin To Net: NetName=NetLD18_1 Pin=LD18-1
Added Pin To Net: NetName=NetLD18_1 Pin=R18-1
Added Net: Name=NetLD18_1
Added Pin To Net: NetName=NetLD19_1 Pin=LD19-1
Added Pin To Net: NetName=NetLD19_1 Pin=R19-1
Added Net: Name=NetLD19_1
Added Pin To Net: NetName=NetLD20_1 Pin=LD20-1
Added Pin To Net: NetName=NetLD20_1 Pin=R20-1
Added Net: Name=NetLD20_1
Added Pin To Net: NetName=NetLD21_1 Pin=LD21-1
Added Pin To Net: NetName=NetLD21_1 Pin=R21-1
Added Net: Name=NetLD21_1
Added Pin To Net: NetName=NetLD23_1 Pin=LD23-1
Added Pin To Net: NetName=NetLD23_1 Pin=R23-1
Added Net: Name=NetLD23_1
Added Pin To Net: NetName=NetLD24_1 Pin=LD24-1
Added Pin To Net: NetName=NetLD24_1 Pin=R24-1
Added Net: Name=NetLD24_1
Added Pin To Net: NetName=NetLD25_1 Pin=LD25-1
Added Pin To Net: NetName=NetLD25_1 Pin=R25-1
Added Net: Name=NetLD25_1
Added Pin To Net: NetName=NetLD26_1 Pin=LD26-1
Added Pin To Net: NetName=NetLD26_1 Pin=R26-1
Added Net: Name=NetLD26_1
Added Pin To Net: NetName=NetLD27_1 Pin=LD27-1
Added Pin To Net: NetName=NetLD27_1 Pin=R27-1
Added Net: Name=NetLD27_1
Added Pin To Net: NetName=NetLD28_1 Pin=LD28-1
Added Pin To Net: NetName=NetLD28_1 Pin=R28-1
Added Net: Name=NetLD28_1
Added Member To Class: ClassName=iF11L Member=Component R5 27R
Added Member To Class: ClassName=iF11L Member=Component R6 27R
Added Member To Class: ClassName=iF11L Member=Component R7 27R
Added Member To Class: ClassName=iF11L Member=Component R8 27R
Added Member To Class: ClassName=iF11L Member=Component R9 27R
Added Member To Class: ClassName=iF11L Member=Component R10 27R
Added Member To Class: ClassName=iF11L Member=Component R11 27R
Added Member To Class: ClassName=iF11L Member=Component R12 27R
Added Member To Class: ClassName=iF11L Member=Component R13 27R
Added Member To Class: ClassName=iF11L Member=Component R14 27R
Added Member To Class: ClassName=iF11L Member=Component R15 27R
Added Member To Class: ClassName=iF11L Member=Component R16 27R
Added Member To Class: ClassName=iF11L Member=Component R17 27R
Added Member To Class: ClassName=iF11L Member=Component R18 27R
Added Member To Class: ClassName=iF11L Member=Component R19 27R
Added Member To Class: ClassName=iF11L Member=Component R20 27R
Added Member To Class: ClassName=iF11L Member=Component R21 27R
Added Member To Class: ClassName=iF11L Member=Component R22 27R
Added Member To Class: ClassName=iF11L Member=Component R23 27R
Added Member To Class: ClassName=iF11L Member=Component R24 27R
Added Member To Class: ClassName=iF11L Member=Component R25 27R
Added Member To Class: ClassName=iF11L Member=Component R26 27R
Added Member To Class: ClassName=iF11L Member=Component R27 27R
Added Member To Class: ClassName=iF11L Member=Component R28 27R
